<?xml version="1.0" encoding="UTF-8"?>
<!-- Generated by org.testng.reporters.JUnitXMLReporter -->
<testsuite ignored="1" hostname="DESKTOP-VE9NM6R" failures="0" tests="1" name="Default test" time="16.197" errors="0" timestamp="2023-03-06T15:47:04 IST">
  <testcase classname="Testcases.LoginTestase" name="LoginTestIncorrectPassword" time="7.348"/>
  <testcase classname="Testcases.LoginTestase" name="loginTest" time="0.0">
    <ignored/>
  </testcase> <!-- loginTest -->
</testsuite> <!-- Default test -->
