<?xml version="1.0" encoding="UTF-8"?>
<!-- Generated by org.testng.reporters.JUnitXMLReporter -->
<testsuite ignored="2" hostname="DESKTOP-VE9NM6R" failures="0" tests="1" name="Default test" time="37.895" errors="0" timestamp="2023-03-06T17:07:05 IST">
  <testcase classname="Testcases.LoginTestase" name="LogoutFunctionality" time="23.948"/>
  <testcase classname="Testcases.LoginTestase" name="loginTestValidCredientials" time="0.0">
    <ignored/>
  </testcase> <!-- loginTestValidCredientials -->
  <testcase classname="Testcases.LoginTestase" name="LoginTestIncorrectCredentials" time="0.0">
    <ignored/>
  </testcase> <!-- LoginTestIncorrectCredentials -->
</testsuite> <!-- Default test -->
