<?xml version="1.0" encoding="UTF-8"?>
<testng-results ignored="0" total="2" passed="2" failed="0" skipped="0">
  <reporter-output>
  </reporter-output>
  <suite started-at="2023-03-03T13:35:18 IST" name="Default suite" finished-at="2023-03-03T13:36:08 IST" duration-ms="50644">
    <groups>
    </groups>
    <test started-at="2023-03-03T13:35:18 IST" name="Default test" finished-at="2023-03-03T13:36:08 IST" duration-ms="50644">
      <class name="Testcases.LoginTestase">
        <test-method is-config="true" signature="setup()[pri:0, instance:Testcases.LoginTestase@31304f14]" started-at="2023-03-03T13:35:18 IST" name="setup" finished-at="2023-03-03T13:35:37 IST" duration-ms="19334" status="PASS">
          <reporter-output>
          </reporter-output>
        </test-method> <!-- setup -->
        <test-method signature="LoginTestIncorrectPassword()[pri:0, instance:Testcases.LoginTestase@31304f14]" started-at="2023-03-03T13:35:37 IST" name="LoginTestIncorrectPassword" finished-at="2023-03-03T13:35:42 IST" duration-ms="4550" status="PASS">
          <reporter-output>
          </reporter-output>
        </test-method> <!-- LoginTestIncorrectPassword -->
        <test-method signature="loginTest()[pri:0, instance:Testcases.LoginTestase@31304f14]" started-at="2023-03-03T13:35:42 IST" name="loginTest" finished-at="2023-03-03T13:36:07 IST" duration-ms="25102" status="PASS">
          <reporter-output>
          </reporter-output>
        </test-method> <!-- loginTest -->
        <test-method is-config="true" signature="teardown()[pri:0, instance:Testcases.LoginTestase@31304f14]" started-at="2023-03-03T13:36:07 IST" name="teardown" finished-at="2023-03-03T13:36:08 IST" duration-ms="1556" status="PASS">
          <reporter-output>
          </reporter-output>
        </test-method> <!-- teardown -->
      </class> <!-- Testcases.LoginTestase -->
    </test> <!-- Default test -->
  </suite> <!-- Default suite -->
</testng-results>
