<?xml version="1.0" encoding="UTF-8"?>
<testng-results ignored="2" total="3" passed="1" failed="0" skipped="0">
  <reporter-output>
  </reporter-output>
  <suite started-at="2023-03-06T17:06:27 IST" name="Default suite" finished-at="2023-03-06T17:07:05 IST" duration-ms="37895">
    <groups>
    </groups>
    <test started-at="2023-03-06T17:06:27 IST" name="Default test" finished-at="2023-03-06T17:07:05 IST" duration-ms="37895">
      <class name="Testcases.LoginTestase">
        <test-method is-config="true" signature="setup()[pri:0, instance:Testcases.LoginTestase@7c7b252e]" started-at="2023-03-06T17:06:27 IST" name="setup" finished-at="2023-03-06T17:06:38 IST" duration-ms="11177" status="PASS">
          <reporter-output>
          </reporter-output>
        </test-method> <!-- setup -->
        <test-method signature="LogoutFunctionality()[pri:0, instance:Testcases.LoginTestase@7c7b252e]" started-at="2023-03-06T17:06:38 IST" name="LogoutFunctionality" finished-at="2023-03-06T17:07:02 IST" duration-ms="23948" status="PASS">
          <reporter-output>
          </reporter-output>
        </test-method> <!-- LogoutFunctionality -->
        <test-method is-config="true" signature="teardown()[pri:0, instance:Testcases.LoginTestase@7c7b252e]" started-at="2023-03-06T17:07:02 IST" name="teardown" finished-at="2023-03-06T17:07:05 IST" duration-ms="2663" status="PASS">
          <reporter-output>
          </reporter-output>
        </test-method> <!-- teardown -->
      </class> <!-- Testcases.LoginTestase -->
    </test> <!-- Default test -->
  </suite> <!-- Default suite -->
</testng-results>
